<?xml version="1.0" encoding="UTF-8"?>
<robot generator="Robot 4.0.1 (Python 3.9.4 on win32)" generated="20210504 23:01:18.458" rpa="false" schemaversion="2">
<suite id="s1" name="Valid Create" source="D:\OUHK\Year3\sem2\S351F\robot\WebDemo-main\creat_tests\valid_create.robot">
<test id="s1-t1" name="Valid create">
<kw name="Open Browser To Create class" library="resource">
<kw name="Open Browser" library="SeleniumLibrary">
<arg>${CreateClass URL}</arg>
<arg>${BROWSER}</arg>
<doc>Opens a new browser instance to the optional ``url``.</doc>
<msg timestamp="20210504 23:01:18.681" level="INFO">Opening browser 'Chrome' to base url 'http://192.168.1.34/demo/createClass.html'.</msg>
<status status="PASS" starttime="20210504 23:01:18.681" endtime="20210504 23:01:19.837"/>
</kw>
<kw name="Maximize Browser Window" library="SeleniumLibrary">
<doc>Maximizes current browser window.</doc>
<status status="PASS" starttime="20210504 23:01:19.837" endtime="20210504 23:01:19.964"/>
</kw>
<kw name="Set Selenium Speed" library="SeleniumLibrary">
<arg>${DELAY}</arg>
<doc>Sets the delay that is waited after each Selenium command.</doc>
<status status="PASS" starttime="20210504 23:01:19.964" endtime="20210504 23:01:19.965"/>
</kw>
<kw name="Create class Should Be Open" library="resource">
<kw name="Title Should Be" library="SeleniumLibrary">
<arg>Create class</arg>
<doc>Verifies that the current page title equals ``title``.</doc>
<msg timestamp="20210504 23:01:19.969" level="INFO">Page title is 'Create class'.</msg>
<status status="PASS" starttime="20210504 23:01:19.965" endtime="20210504 23:01:19.969"/>
</kw>
<status status="PASS" starttime="20210504 23:01:19.965" endtime="20210504 23:01:19.969"/>
</kw>
<status status="PASS" starttime="20210504 23:01:18.681" endtime="20210504 23:01:19.969"/>
</kw>
<kw name="Input title" library="resource">
<arg>Yoga Class</arg>
<kw name="Input Text" library="SeleniumLibrary">
<arg>title_field</arg>
<arg>${title}</arg>
<doc>Types the given ``text`` into the text field identified by ``locator``.</doc>
<msg timestamp="20210504 23:01:19.970" level="INFO">Typing text 'Yoga Class' into text field 'title_field'.</msg>
<status status="PASS" starttime="20210504 23:01:19.970" endtime="20210504 23:01:20.073"/>
</kw>
<status status="PASS" starttime="20210504 23:01:19.970" endtime="20210504 23:01:20.073"/>
</kw>
<kw name="Input description" library="resource">
<arg>Yoga is good.</arg>
<kw name="Input Text" library="SeleniumLibrary">
<arg>description_field</arg>
<arg>${description}</arg>
<doc>Types the given ``text`` into the text field identified by ``locator``.</doc>
<msg timestamp="20210504 23:01:20.075" level="INFO">Typing text 'Yoga is good.' into text field 'description_field'.</msg>
<status status="PASS" starttime="20210504 23:01:20.074" endtime="20210504 23:01:20.151"/>
</kw>
<status status="PASS" starttime="20210504 23:01:20.074" endtime="20210504 23:01:20.152"/>
</kw>
<kw name="Select difficulty" library="resource">
<arg>Beginner</arg>
<kw name="Select From List By Label" library="SeleniumLibrary">
<arg>difficulty_field</arg>
<arg>${difficulty}</arg>
<doc>Selects options from selection list ``locator`` by ``labels``.</doc>
<msg timestamp="20210504 23:01:20.153" level="INFO">Selecting options from selection list 'difficulty_field' by label Beginner.</msg>
<status status="PASS" starttime="20210504 23:01:20.152" endtime="20210504 23:01:20.200"/>
</kw>
<status status="PASS" starttime="20210504 23:01:20.152" endtime="20210504 23:01:20.200"/>
</kw>
<kw name="Select language" library="resource">
<arg>Cantonese</arg>
<kw name="Select From List By Label" library="SeleniumLibrary">
<arg>language_field</arg>
<arg>${language}</arg>
<doc>Selects options from selection list ``locator`` by ``labels``.</doc>
<msg timestamp="20210504 23:01:20.201" level="INFO">Selecting options from selection list 'language_field' by label Cantonese.</msg>
<status status="PASS" starttime="20210504 23:01:20.200" endtime="20210504 23:01:20.249"/>
</kw>
<status status="PASS" starttime="20210504 23:01:20.200" endtime="20210504 23:01:20.249"/>
</kw>
<kw name="Submit Creation" library="resource">
<kw name="Click Button" library="SeleniumLibrary">
<arg>submit_button</arg>
<doc>Clicks the button identified by ``locator``.</doc>
<msg timestamp="20210504 23:01:20.250" level="INFO">Clicking button 'submit_button'.</msg>
<status status="PASS" starttime="20210504 23:01:20.250" endtime="20210504 23:01:20.306"/>
</kw>
<status status="PASS" starttime="20210504 23:01:20.250" endtime="20210504 23:01:20.307"/>
</kw>
<kw name="Result Page Should Be Open" library="resource">
<kw name="Location Should Be" library="SeleniumLibrary">
<arg>${Created URL}</arg>
<doc>Verifies that the current URL is exactly ``url``.</doc>
<msg timestamp="20210504 23:01:20.312" level="INFO">Current location is 'http://192.168.1.34/demo/classCreated.html'.</msg>
<status status="PASS" starttime="20210504 23:01:20.308" endtime="20210504 23:01:20.312"/>
</kw>
<kw name="Title Should Be" library="SeleniumLibrary">
<arg>Result Page</arg>
<doc>Verifies that the current page title equals ``title``.</doc>
<msg timestamp="20210504 23:01:20.315" level="INFO">Page title is 'Result Page'.</msg>
<status status="PASS" starttime="20210504 23:01:20.312" endtime="20210504 23:01:20.315"/>
</kw>
<status status="PASS" starttime="20210504 23:01:20.307" endtime="20210504 23:01:20.315"/>
</kw>
<kw name="Close Browser" library="SeleniumLibrary" type="TEARDOWN">
<doc>Closes the current browser.</doc>
<status status="PASS" starttime="20210504 23:01:20.316" endtime="20210504 23:01:22.429"/>
</kw>
<status status="PASS" starttime="20210504 23:01:18.680" endtime="20210504 23:01:22.430"/>
</test>
<doc>A test suite with a single test for valid create.

This test has a workflow that is created using keywords in
the imported resource file.</doc>
<status status="PASS" starttime="20210504 23:01:18.460" endtime="20210504 23:01:22.431"/>
</suite>
<statistics>
<total>
<stat pass="1" fail="0" skip="0">All Tests</stat>
</total>
<tag>
</tag>
<suite>
<stat pass="1" fail="0" skip="0" id="s1" name="Valid Create">Valid Create</stat>
</suite>
</statistics>
<errors>
</errors>
</robot>
